<?xml version="1.0" encoding="UTF-8"?>
<testsuite name="hifresh.RunCucumberTest" tests="4" skipped="0" failures="0" errors="0" timestamp="2023-12-14T16:20:31" hostname="DORA-LAPTOP" time="2.122">
  <properties/>
  <testcase name="Add a recipe - Add recipe" classname="hifresh.RunCucumberTest" time="2.013"/>
  <testcase name="Add a recipe - Add recipe with subrecipe" classname="hifresh.RunCucumberTest" time="0.029"/>
  <testcase name="Add a recipe - Add a step to a recipe" classname="hifresh.RunCucumberTest" time="0.032"/>
  <testcase name="Add a recipe - Insert a step into a recipe" classname="hifresh.RunCucumberTest" time="0.046"/>
  <system-out><![CDATA[17:20:31.314 [Test worker] INFO org.springframework.test.context.support.AnnotationConfigContextLoaderUtils -- Could not detect default configuration classes for test class [hifresh.AddRecipeSteps]: AddRecipeSteps does not declare any static, non-private, non-final, nested classes annotated with @Configuration.
17:20:31.414 [Test worker] INFO org.springframework.boot.test.context.SpringBootTestContextBootstrapper -- Found @SpringBootConfiguration hifresh.Main for test class hifresh.AddRecipeSteps

  .   ____          _            __ _ _
 /\\ / ___'_ __ _ _(_)_ __  __ _ \ \ \ \
( ( )\___ | '_ | '_| | '_ \/ _` | \ \ \ \
 \\/  ___)| |_)| | | | | || (_| |  ) ) ) )
  '  |____| .__|_| |_|_| |_\__, | / / / /
 =========|_|==============|___/=/_/_/_/
 :: Spring Boot ::                (v3.1.5)

2023-12-14T17:20:31.809+01:00  INFO 12152 --- [    Test worker] hifresh.AddRecipeSteps                   : Starting AddRecipeSteps using Java 17 with PID 12152 (started by Dora Sperling in C:\Users\Dora Sperling\IdeaProjects\programming4\HiFresh)
2023-12-14T17:20:31.811+01:00  INFO 12152 --- [    Test worker] hifresh.AddRecipeSteps                   : No active profile set, falling back to 1 default profile: "default"
2023-12-14T17:20:32.396+01:00  INFO 12152 --- [    Test worker] hifresh.AddRecipeSteps                   : Started AddRecipeSteps in 0.846 seconds (process running for 2.498)

Scenario: Add recipe                                                                                                                                                                    ?[90m# hifresh/AddRecipe.feature:98?[0m
  ?[32mGiven ?[0m?[32mrecipes?[0m                                                                                                                                                                         ?[90m# hifresh.AddRecipeSteps.recipes(io.cucumber.datatable.DataTable)?[0m
    | recipe_id | recipe_name    | recipe_description           |
    | 1         | pancakes       | Gorgeous pancakes            |
    | 2         | Pizza          | Deep pan pizza               |
    | 3         | Cheese Sauce   | Cheesy Sauce                 |
    | 4         | Bechamel Sauce | Creamy Dreamy Bechamel Sauce |
  ?[32mGiven ?[0m?[32msubrecipes?[0m                                                                                                                                                                      ?[90m# hifresh.AddRecipeSteps.subrecipes(io.cucumber.datatable.DataTable)?[0m
    | recipe_id | subrecipe |
    | 3         | 4         |
  ?[32mGiven ?[0m?[32mproducts?[0m                                                                                                                                                                        ?[90m# hifresh.AddRecipeSteps.products(io.cucumber.datatable.DataTable)?[0m
    | product_id | product_name       |
    | 1          | flour              |
    | 2          | milk               |
    | 3          | cheese             |
    | 4          | self-raising flour |
    | 5          | tomatoes           |
    | 6          | beef mince         |
    | 7          | spaghetti          |
    | 8          | ham                |
  ?[32mGiven ?[0m?[32mingredients?[0m                                                                                                                                                                     ?[90m# hifresh.AddRecipeSteps.ingredients(io.cucumber.datatable.DataTable)?[0m
    | ingredient_id | product_id | recipe_id | quantity | unit      |
    | 1             | 1          | 1         | 100      | GRAM      |
    | 3             | 3          | 2         | 20       | GRAM      |
    | 4             | 3          | 3         | 20       | GRAM      |
    | 5             | 3          | 4         | 40       | GRAM      |
    | 6             | 2          | 4         | 600      | MILILITRE |
  ?[32mGiven ?[0m?[32msteps?[0m                                                                                                                                                                           ?[90m# hifresh.AddRecipeSteps.steps(io.cucumber.datatable.DataTable)?[0m
    | step_id | description                              | recipe_id | order |
    | 1       | step 1                                   | 1         | 1     |
    | 2       | step 2                                   | 1         | 2     |
    | 3       | Add the cheese to the bechamel sauce     | 3         | 1     |
    | 4       | Heat gently for 5 minutes                | 3         | 2     |
    | 5       | Lookup online how to make bechamel sauce | 4         | 1     |
  ?[32mGiven ?[0m?[32mdistributioncentres?[0m                                                                                                                                                             ?[90m# hifresh.AddRecipeSteps.distributionCenters(io.cucumber.datatable.DataTable)?[0m
    | distributioncentre_id | distributioncentre_name |
    | 1                     | DC1                     |
    | 2                     | DC2                     |
  ?[32mGiven ?[0m?[32mcontracts?[0m                                                                                                                                                                       ?[90m# hifresh.AddRecipeSteps.contracts(io.cucumber.datatable.DataTable)?[0m
    | contract_id | product_id | supplier_id | distributioncentre_id |
    | 1           | 1          | 1           | 1                     |
    | 2           | 1          | 2           | 2                     |
    | 3           | 2          | 1           | 1                     |
    | 4           | 2          | 2           | 2                     |
    | 5           | 3          | 1           | 1                     |
    | 6           | 3          | 2           | 2                     |
  ?[32mWhen ?[0m?[32mI add recipe ?[0m?[32m?[1m5?[0m?[32m with name ?[0m?[32m?[1m"bolognese sauce"?[0m                                                                                                                                       ?[90m# hifresh.AddRecipeSteps.iAddRecipeWithName(int,java.lang.String)?[0m
  ?[32mAnd ?[0m?[32mI add ingredient ?[0m?[32m?[1m500?[0m?[32m grammes ?[0m?[32m?[1m"tomatoes"?[0m?[32m to recipe ?[0m?[32m?[1m5?[0m                                                                                                                               ?[90m# hifresh.AddRecipeSteps.iAddIngredientGrammesToRecipe(int,java.lang.String,int)?[0m
  ?[32mAnd ?[0m?[32mI add ingredient ?[0m?[32m?[1m250?[0m?[32m grammes ?[0m?[32m?[1m"beef mince"?[0m?[32m to recipe ?[0m?[32m?[1m5?[0m                                                                                                                             ?[90m# hifresh.AddRecipeSteps.iAddIngredientGrammesToRecipe(int,java.lang.String,int)?[0m
  ?[32mAnd ?[0m?[32mI append a preparation step to recipe ?[0m?[32m?[1m5?[0m?[32m with description ?[0m?[32m?[1m"Put a large saucepan on a medium heat and add 1 tbsp olive oil"?[0m                                                         ?[90m# hifresh.AddRecipeSteps.iAppendAPreparationStepToRecipeWithDescription(int,java.lang.String)?[0m
  ?[32mAnd ?[0m?[32mI append a preparation step to recipe ?[0m?[32m?[1m5?[0m?[32m with description ?[0m?[32m?[1m"Increase the heat to medium-high, add the beef mince and cook stirring for 3-4 mins until the meat is browned all over"?[0m ?[90m# hifresh.AddRecipeSteps.iAppendAPreparationStepToRecipeWithDescription(int,java.lang.String)?[0m
  ?[32mAnd ?[0m?[32mI append a preparation step to recipe ?[0m?[32m?[1m5?[0m?[32m with description ?[0m?[32m?[1m"Chop the tomatoes"?[0m                                                                                                      ?[90m# hifresh.AddRecipeSteps.iAppendAPreparationStepToRecipeWithDescription(int,java.lang.String)?[0m
  ?[32mAnd ?[0m?[32mI append a preparation step to recipe ?[0m?[32m?[1m5?[0m?[32m with description ?[0m?[32m?[1m"Add the tomatoes, Cook for a few minutes"?[0m                                                                               ?[90m# hifresh.AddRecipeSteps.iAppendAPreparationStepToRecipeWithDescription(int,java.lang.String)?[0m
  ?[32mAnd ?[0m?[32mI append a preparation step to recipe ?[0m?[32m?[1m5?[0m?[32m with description ?[0m?[32m?[1m"Season with salt and black pepper to taste"?[0m                                                                             ?[90m# hifresh.AddRecipeSteps.iAppendAPreparationStepToRecipeWithDescription(int,java.lang.String)?[0m
  ?[32mThen ?[0m?[32mrecipe ?[0m?[32m?[1m5?[0m?[32m should have ?[0m?[32m?[1m2?[0m?[32m ingredients and ?[0m?[32m?[1m5?[0m?[32m preparation steps?[0m                                                                                                                       ?[90m# hifresh.AddRecipeSteps.recipeShouldHaveIngredientsAndPreparationSteps(int,int,int)?[0m
  ?[32mAnd ?[0m?[32mpreparation step ?[0m?[32m?[1m3?[0m?[32m is ?[0m?[32m?[1m"Chop the tomatoes."?[0m                                                                                                                                        ?[90m# hifresh.AddRecipeSteps.preparationStepIs(int,java.lang.String)?[0m
2023-12-14T17:20:33.222+01:00  INFO 12152 --- [    Test worker] t.c.s.AnnotationConfigContextLoaderUtils : Could not detect default configuration classes for test class [hifresh.AddRecipeSteps]: AddRecipeSteps does not declare any static, non-private, non-final, nested classes annotated with @Configuration.
2023-12-14T17:20:33.224+01:00  INFO 12152 --- [    Test worker] .b.t.c.SpringBootTestContextBootstrapper : Found @SpringBootConfiguration hifresh.Main for test class hifresh.AddRecipeSteps

Scenario: Add recipe with subrecipe                                                                                                         ?[90m# hifresh/AddRecipe.feature:129?[0m
  ?[32mGiven ?[0m?[32mrecipes?[0m                                                                                                                             ?[90m# hifresh.AddRecipeSteps.recipes(io.cucumber.datatable.DataTable)?[0m
    | recipe_id | recipe_name    | recipe_description           |
    | 1         | pancakes       | Gorgeous pancakes            |
    | 2         | Pizza          | Deep pan pizza               |
    | 3         | Cheese Sauce   | Cheesy Sauce                 |
    | 4         | Bechamel Sauce | Creamy Dreamy Bechamel Sauce |
  ?[32mGiven ?[0m?[32msubrecipes?[0m                                                                                                                          ?[90m# hifresh.AddRecipeSteps.subrecipes(io.cucumber.datatable.DataTable)?[0m
    | recipe_id | subrecipe |
    | 3         | 4         |
  ?[32mGiven ?[0m?[32mproducts?[0m                                                                                                                            ?[90m# hifresh.AddRecipeSteps.products(io.cucumber.datatable.DataTable)?[0m
    | product_id | product_name       |
    | 1          | flour              |
    | 2          | milk               |
    | 3          | cheese             |
    | 4          | self-raising flour |
    | 5          | tomatoes           |
    | 6          | beef mince         |
    | 7          | spaghetti          |
    | 8          | ham                |
  ?[32mGiven ?[0m?[32mingredients?[0m                                                                                                                         ?[90m# hifresh.AddRecipeSteps.ingredients(io.cucumber.datatable.DataTable)?[0m
    | ingredient_id | product_id | recipe_id | quantity | unit      |
    | 1             | 1          | 1         | 100      | GRAM      |
    | 3             | 3          | 2         | 20       | GRAM      |
    | 4             | 3          | 3         | 20       | GRAM      |
    | 5             | 3          | 4         | 40       | GRAM      |
    | 6             | 2          | 4         | 600      | MILILITRE |
  ?[32mGiven ?[0m?[32msteps?[0m                                                                                                                               ?[90m# hifresh.AddRecipeSteps.steps(io.cucumber.datatable.DataTable)?[0m
    | step_id | description                              | recipe_id | order |
    | 1       | step 1                                   | 1         | 1     |
    | 2       | step 2                                   | 1         | 2     |
    | 3       | Add the cheese to the bechamel sauce     | 3         | 1     |
    | 4       | Heat gently for 5 minutes                | 3         | 2     |
    | 5       | Lookup online how to make bechamel sauce | 4         | 1     |
  ?[32mGiven ?[0m?[32mdistributioncentres?[0m                                                                                                                 ?[90m# hifresh.AddRecipeSteps.distributionCenters(io.cucumber.datatable.DataTable)?[0m
    | distributioncentre_id | distributioncentre_name |
    | 1                     | DC1                     |
    | 2                     | DC2                     |
  ?[32mGiven ?[0m?[32mcontracts?[0m                                                                                                                           ?[90m# hifresh.AddRecipeSteps.contracts(io.cucumber.datatable.DataTable)?[0m
    | contract_id | product_id | supplier_id | distributioncentre_id |
    | 1           | 1          | 1           | 1                     |
    | 2           | 1          | 2           | 2                     |
    | 3           | 2          | 1           | 1                     |
    | 4           | 2          | 2           | 2                     |
    | 5           | 3          | 1           | 1                     |
    | 6           | 3          | 2           | 2                     |
  ?[32mWhen ?[0m?[32mI add recipe ?[0m?[32m?[1m6?[0m?[32m with name ?[0m?[32m?[1m"Baked spaghetti alla carbonara"?[0m                                                                            ?[90m# hifresh.AddRecipeSteps.iAddRecipeWithName(int,java.lang.String)?[0m
  ?[32mAnd ?[0m?[32mI add ingredient ?[0m?[32m?[1m500?[0m?[32m grammes ?[0m?[32m?[1m"tomatoes"?[0m?[32m to recipe ?[0m?[32m?[1m6?[0m                                                                                   ?[90m# hifresh.AddRecipeSteps.iAddIngredientGrammesToRecipe(int,java.lang.String,int)?[0m
  ?[32mAnd ?[0m?[32mI add ingredient ?[0m?[32m?[1m200?[0m?[32m grammes ?[0m?[32m?[1m"spaghettti"?[0m?[32m to recipe ?[0m?[32m?[1m6?[0m                                                                                 ?[90m# hifresh.AddRecipeSteps.iAddIngredientGrammesToRecipe(int,java.lang.String,int)?[0m
  ?[32mAnd ?[0m?[32mI add subrecipe ?[0m?[32m?[1m3?[0m?[32m to recipe ?[0m?[32m?[1m6?[0m                                                                                                         ?[90m# hifresh.AddRecipeSteps.iAddSubrecipeToRecipe(int,int)?[0m
  ?[32mAnd ?[0m?[32mI append a preparation step to recipe ?[0m?[32m?[1m6?[0m?[32m with description ?[0m?[32m?[1m"Boil the spaghetti"?[0m                                                         ?[90m# hifresh.AddRecipeSteps.iAppendAPreparationStepToRecipeWithDescription(int,java.lang.String)?[0m
  ?[32mAnd ?[0m?[32mI append a preparation step to recipe ?[0m?[32m?[1m6?[0m?[32m with description ?[0m?[32m?[1m"Heat the oven to 180Â°C"?[0m                                                     ?[90m# hifresh.AddRecipeSteps.iAppendAPreparationStepToRecipeWithDescription(int,java.lang.String)?[0m
  ?[32mAnd ?[0m?[32mI append a preparation step to recipe ?[0m?[32m?[1m6?[0m?[32m with description ?[0m?[32m?[1m"Add the spagghetti to an ovendish and top it with the ham and cheese sauce"?[0m ?[90m# hifresh.AddRecipeSteps.iAppendAPreparationStepToRecipeWithDescription(int,java.lang.String)?[0m
  ?[32mAnd ?[0m?[32mI append a preparation step to recipe ?[0m?[32m?[1m6?[0m?[32m with description ?[0m?[32m?[1m"Grate the cheese and sprinkle it over the spaghetti"?[0m                        ?[90m# hifresh.AddRecipeSteps.iAppendAPreparationStepToRecipeWithDescription(int,java.lang.String)?[0m
  ?[32mAnd ?[0m?[32mI append a preparation step to recipe ?[0m?[32m?[1m6?[0m?[32m with description ?[0m?[32m?[1m"Put in the oven for 10 minutes"?[0m                                             ?[90m# hifresh.AddRecipeSteps.iAppendAPreparationStepToRecipeWithDescription(int,java.lang.String)?[0m
  ?[32mThen ?[0m?[32mrecipe ?[0m?[32m?[1m6?[0m?[32m should have ?[0m?[32m?[1m3?[0m?[32m ingredients and ?[0m?[32m?[1m5?[0m?[32m preparation steps and ?[0m?[32m?[1m1?[0m?[32m subrecipe?[0m                                                           ?[90m# hifresh.AddRecipeSteps.recipeShouldHaveIngredientsAndPreparationStepsAndSubrecipe(int,int,int,int)?[0m
2023-12-14T17:20:33.252+01:00  INFO 12152 --- [    Test worker] t.c.s.AnnotationConfigContextLoaderUtils : Could not detect default configuration classes for test class [hifresh.AddRecipeSteps]: AddRecipeSteps does not declare any static, non-private, non-final, nested classes annotated with @Configuration.
2023-12-14T17:20:33.254+01:00  INFO 12152 --- [    Test worker] .b.t.c.SpringBootTestContextBootstrapper : Found @SpringBootConfiguration hifresh.Main for test class hifresh.AddRecipeSteps

Scenario: Add a step to a recipe                            ?[90m# hifresh/AddRecipe.feature:146?[0m
  ?[32mGiven ?[0m?[32mrecipes?[0m                                             ?[90m# hifresh.AddRecipeSteps.recipes(io.cucumber.datatable.DataTable)?[0m
    | recipe_id | recipe_name    | recipe_description           |
    | 1         | pancakes       | Gorgeous pancakes            |
    | 2         | Pizza          | Deep pan pizza               |
    | 3         | Cheese Sauce   | Cheesy Sauce                 |
    | 4         | Bechamel Sauce | Creamy Dreamy Bechamel Sauce |
  ?[32mGiven ?[0m?[32msubrecipes?[0m                                          ?[90m# hifresh.AddRecipeSteps.subrecipes(io.cucumber.datatable.DataTable)?[0m
    | recipe_id | subrecipe |
    | 3         | 4         |
  ?[32mGiven ?[0m?[32mproducts?[0m                                            ?[90m# hifresh.AddRecipeSteps.products(io.cucumber.datatable.DataTable)?[0m
    | product_id | product_name       |
    | 1          | flour              |
    | 2          | milk               |
    | 3          | cheese             |
    | 4          | self-raising flour |
    | 5          | tomatoes           |
    | 6          | beef mince         |
    | 7          | spaghetti          |
    | 8          | ham                |
  ?[32mGiven ?[0m?[32mingredients?[0m                                         ?[90m# hifresh.AddRecipeSteps.ingredients(io.cucumber.datatable.DataTable)?[0m
    | ingredient_id | product_id | recipe_id | quantity | unit      |
    | 1             | 1          | 1         | 100      | GRAM      |
    | 3             | 3          | 2         | 20       | GRAM      |
    | 4             | 3          | 3         | 20       | GRAM      |
    | 5             | 3          | 4         | 40       | GRAM      |
    | 6             | 2          | 4         | 600      | MILILITRE |
  ?[32mGiven ?[0m?[32msteps?[0m                                               ?[90m# hifresh.AddRecipeSteps.steps(io.cucumber.datatable.DataTable)?[0m
    | step_id | description                              | recipe_id | order |
    | 1       | step 1                                   | 1         | 1     |
    | 2       | step 2                                   | 1         | 2     |
    | 3       | Add the cheese to the bechamel sauce     | 3         | 1     |
    | 4       | Heat gently for 5 minutes                | 3         | 2     |
    | 5       | Lookup online how to make bechamel sauce | 4         | 1     |
  ?[32mGiven ?[0m?[32mdistributioncentres?[0m                                 ?[90m# hifresh.AddRecipeSteps.distributionCenters(io.cucumber.datatable.DataTable)?[0m
    | distributioncentre_id | distributioncentre_name |
    | 1                     | DC1                     |
    | 2                     | DC2                     |
  ?[32mGiven ?[0m?[32mcontracts?[0m                                           ?[90m# hifresh.AddRecipeSteps.contracts(io.cucumber.datatable.DataTable)?[0m
    | contract_id | product_id | supplier_id | distributioncentre_id |
    | 1           | 1          | 1           | 1                     |
    | 2           | 1          | 2           | 2                     |
    | 3           | 2          | 1           | 1                     |
    | 4           | 2          | 2           | 2                     |
    | 5           | 3          | 1           | 1                     |
    | 6           | 3          | 2           | 2                     |
  ?[32mWhen ?[0m?[32mi add a step ?[0m?[32m?[1m"Serve hot"?[0m?[32m to recipe ?[0m?[32m?[1m1?[0m                 ?[90m# hifresh.AddRecipeSteps.iAddAStepToRecipe(java.lang.String,int)?[0m
  ?[32mThen ?[0m?[32mthe recipe has ?[0m?[32m?[1m3?[0m?[32m steps?[0m                               ?[90m# hifresh.AddRecipeSteps.theRecipeHasSteps(int)?[0m
  ?[32mAnd ?[0m?[32mthe last step of recipe ?[0m?[32m?[1m1?[0m?[32m has description ?[0m?[32m?[1m"Serve hot"?[0m ?[90m# hifresh.AddRecipeSteps.theLastStepOfRecipeHasDescription(int,java.lang.String)?[0m
2023-12-14T17:20:33.283+01:00  INFO 12152 --- [    Test worker] t.c.s.AnnotationConfigContextLoaderUtils : Could not detect default configuration classes for test class [hifresh.AddRecipeSteps]: AddRecipeSteps does not declare any static, non-private, non-final, nested classes annotated with @Configuration.
2023-12-14T17:20:33.288+01:00  INFO 12152 --- [    Test worker] .b.t.c.SpringBootTestContextBootstrapper : Found @SpringBootConfiguration hifresh.Main for test class hifresh.AddRecipeSteps

Scenario: Insert a step into a recipe                               ?[90m# hifresh/AddRecipe.feature:151?[0m
  ?[32mGiven ?[0m?[32mrecipes?[0m                                                     ?[90m# hifresh.AddRecipeSteps.recipes(io.cucumber.datatable.DataTable)?[0m
    | recipe_id | recipe_name    | recipe_description           |
    | 1         | pancakes       | Gorgeous pancakes            |
    | 2         | Pizza          | Deep pan pizza               |
    | 3         | Cheese Sauce   | Cheesy Sauce                 |
    | 4         | Bechamel Sauce | Creamy Dreamy Bechamel Sauce |
  ?[32mGiven ?[0m?[32msubrecipes?[0m                                                  ?[90m# hifresh.AddRecipeSteps.subrecipes(io.cucumber.datatable.DataTable)?[0m
    | recipe_id | subrecipe |
    | 3         | 4         |
  ?[32mGiven ?[0m?[32mproducts?[0m                                                    ?[90m# hifresh.AddRecipeSteps.products(io.cucumber.datatable.DataTable)?[0m
    | product_id | product_name       |
    | 1          | flour              |
    | 2          | milk               |
    | 3          | cheese             |
    | 4          | self-raising flour |
    | 5          | tomatoes           |
    | 6          | beef mince         |
    | 7          | spaghetti          |
    | 8          | ham                |
  ?[32mGiven ?[0m?[32mingredients?[0m                                                 ?[90m# hifresh.AddRecipeSteps.ingredients(io.cucumber.datatable.DataTable)?[0m
    | ingredient_id | product_id | recipe_id | quantity | unit      |
    | 1             | 1          | 1         | 100      | GRAM      |
    | 3             | 3          | 2         | 20       | GRAM      |
    | 4             | 3          | 3         | 20       | GRAM      |
    | 5             | 3          | 4         | 40       | GRAM      |
    | 6             | 2          | 4         | 600      | MILILITRE |
  ?[32mGiven ?[0m?[32msteps?[0m                                                       ?[90m# hifresh.AddRecipeSteps.steps(io.cucumber.datatable.DataTable)?[0m
    | step_id | description                              | recipe_id | order |
    | 1       | step 1                                   | 1         | 1     |
    | 2       | step 2                                   | 1         | 2     |
    | 3       | Add the cheese to the bechamel sauce     | 3         | 1     |
    | 4       | Heat gently for 5 minutes                | 3         | 2     |
    | 5       | Lookup online how to make bechamel sauce | 4         | 1     |
  ?[32mGiven ?[0m?[32mdistributioncentres?[0m                                         ?[90m# hifresh.AddRecipeSteps.distributionCenters(io.cucumber.datatable.DataTable)?[0m
    | distributioncentre_id | distributioncentre_name |
    | 1                     | DC1                     |
    | 2                     | DC2                     |
  ?[32mGiven ?[0m?[32mcontracts?[0m                                                   ?[90m# hifresh.AddRecipeSteps.contracts(io.cucumber.datatable.DataTable)?[0m
    | contract_id | product_id | supplier_id | distributioncentre_id |
    | 1           | 1          | 1           | 1                     |
    | 2           | 1          | 2           | 2                     |
    | 3           | 2          | 1           | 1                     |
    | 4           | 2          | 2           | 2                     |
    | 5           | 3          | 1           | 1                     |
    | 6           | 3          | 2           | 2                     |
  ?[32mWhen ?[0m?[32mI add a step  ?[0m?[32m?[1m"Grate the cheese"?[0m?[32m to recipe ?[0m?[32m?[1m3?[0m?[32m before step ?[0m?[32m?[1m1?[0m   ?[90m# hifresh.AddRecipeSteps.iAddAStepToRecipeBeforeStep(java.lang.String,int,int)?[0m
  ?[32mThen ?[0m?[32mthe recipe has ?[0m?[32m?[1m3?[0m?[32m steps?[0m                                       ?[90m# hifresh.AddRecipeSteps.theRecipeHasSteps(int)?[0m
  ?[32mAnd ?[0m?[32mstep ?[0m?[32m?[1m1?[0m?[32m for recipe ?[0m?[32m?[1m3?[0m?[32m is ?[0m?[32m?[1m"Grate the cheese"?[0m                     ?[90m# hifresh.AddRecipeSteps.stepForRecipeIs(int,int,java.lang.String)?[0m
  ?[32mAnd ?[0m?[32mstep ?[0m?[32m?[1m2?[0m?[32m for recipe ?[0m?[32m?[1m3?[0m?[32m is ?[0m?[32m?[1m"Add the cheese to the bechamel sauce"?[0m ?[90m# hifresh.AddRecipeSteps.stepForRecipeIs(int,int,java.lang.String)?[0m
  ?[32mAnd ?[0m?[32mstep ?[0m?[32m?[1m3?[0m?[32m for recipe ?[0m?[32m?[1m3?[0m?[32m is ?[0m?[32m?[1m"Heat gently for 5 minutes"?[0m            ?[90m# hifresh.AddRecipeSteps.stepForRecipeIs(int,int,java.lang.String)?[0m
]]></system-out>
  <system-err><![CDATA[]]></system-err>
</testsuite>
